This is pdfTeX, Version 3.14159265-2.6-1.40.19 (TeX Live 2018/Arch Linux) (preloaded format=pdflatex 2019.3.7)  21 MAY 2019 13:08
entering extended mode
 restricted \write18 enabled.
 file:line:error style messages enabled.
 %&-line parsing enabled.
**/home/edoardo/Documents/SicurezzaInformatica/DocEsameTex/doc.tex
(/home/edoardo/Documents/SicurezzaInformatica/DocEsameTex/doc.tex
LaTeX2e <2018-12-01>
(/usr/share/texmf-dist/tex/latex/extsizes/extarticle.cls
Document Class: extarticle 1996/10/08 v1.0 Non Standard LaTeX document class
(/usr/share/texmf-dist/tex/latex/extsizes/size8.clo
File: size8.clo 1999/11/11 v1.4a NON-Standard LaTeX file (size option)
) (/usr/share/texmf-dist/tex/latex/base/exscale.sty
Package: exscale 2018/09/24 v2.1i Standard LaTeX package exscale
LaTeX Font Info:    Redeclaring symbol font `largesymbols' on input line 57.
LaTeX Font Info:    Overwriting symbol font `largesymbols' in version `normal'
(Font)                  OMX/cmex/m/n --> OMX/cmex/m/n on input line 57.
LaTeX Font Info:    Overwriting symbol font `largesymbols' in version `bold'
(Font)                  OMX/cmex/m/n --> OMX/cmex/m/n on input line 57.
\big@size=\dimen102
)
\c@part=\count80
\c@section=\count81
\c@subsection=\count82
\c@subsubsection=\count83
\c@paragraph=\count84
\c@subparagraph=\count85
\c@figure=\count86
\c@table=\count87
\abovecaptionskip=\skip41
\belowcaptionskip=\skip42
\bibindent=\dimen103
) (/usr/share/texmf-dist/tex/latex/amsmath/amsmath.sty
Package: amsmath 2018/12/01 v2.17b AMS math features
\@mathmargin=\skip43

For additional information on amsmath, use the `?' option.
(/usr/share/texmf-dist/tex/latex/amsmath/amstext.sty
Package: amstext 2000/06/29 v2.01 AMS text
 (/usr/share/texmf-dist/tex/latex/amsmath/amsgen.sty
File: amsgen.sty 1999/11/30 v2.0 generic functions
\@emptytoks=\toks14
\ex@=\dimen104
)) (/usr/share/texmf-dist/tex/latex/amsmath/amsbsy.sty
Package: amsbsy 1999/11/29 v1.2d Bold Symbols
\pmbraise@=\dimen105
) (/usr/share/texmf-dist/tex/latex/amsmath/amsopn.sty
Package: amsopn 2016/03/08 v2.02 operator names
)
\inf@bad=\count88
LaTeX Info: Redefining \frac on input line 223.
\uproot@=\count89
\leftroot@=\count90
LaTeX Info: Redefining \overline on input line 385.
\classnum@=\count91
\DOTSCASE@=\count92
LaTeX Info: Redefining \ldots on input line 482.
LaTeX Info: Redefining \dots on input line 485.
LaTeX Info: Redefining \cdots on input line 606.
\Mathstrutbox@=\box27
\strutbox@=\box28
\big@size=\dimen106
LaTeX Font Info:    Redeclaring font encoding OML on input line 729.
LaTeX Font Info:    Redeclaring font encoding OMS on input line 730.
\macc@depth=\count93
\c@MaxMatrixCols=\count94
\dotsspace@=\muskip10
\c@parentequation=\count95
\dspbrk@lvl=\count96
\tag@help=\toks15
\row@=\count97
\column@=\count98
\maxfields@=\count99
\andhelp@=\toks16
\eqnshift@=\dimen107
\alignsep@=\dimen108
\tagshift@=\dimen109
\tagwidth@=\dimen110
\totwidth@=\dimen111
\lineht@=\dimen112
\@envbody=\toks17
\multlinegap=\skip44
\multlinetaggap=\skip45
\mathdisplay@stack=\toks18
LaTeX Info: Redefining \[ on input line 2844.
LaTeX Info: Redefining \] on input line 2845.
) (/usr/share/texmf-dist/tex/latex/listings/listings.sty (/usr/share/texmf-dist/tex/latex/graphics/keyval.sty
Package: keyval 2014/10/28 v1.15 key=value parser (DPC)
\KV@toks@=\toks19
)
\lst@mode=\count100
\lst@gtempboxa=\box29
\lst@token=\toks20
\lst@length=\count101
\lst@currlwidth=\dimen113
\lst@column=\count102
\lst@pos=\count103
\lst@lostspace=\dimen114
\lst@width=\dimen115
\lst@newlines=\count104
\lst@lineno=\count105
\lst@maxwidth=\dimen116
 (/usr/share/texmf-dist/tex/latex/listings/lstmisc.sty
File: lstmisc.sty 2018/09/02 1.7 (Carsten Heinz)
\c@lstnumber=\count106
\lst@skipnumbers=\count107
\lst@framebox=\box30
) (/usr/share/texmf-dist/tex/latex/listings/listings.cfg
File: listings.cfg 2018/09/02 1.7 listings configuration
))
Package: listings 2018/09/02 1.7 (Carsten Heinz)
 (/usr/share/texmf-dist/tex/latex/amsfonts/amsfonts.sty
Package: amsfonts 2013/01/14 v3.01 Basic AMSFonts support
\symAMSa=\mathgroup4
\symAMSb=\mathgroup5
LaTeX Font Info:    Overwriting math alphabet `\mathfrak' in version `bold'
(Font)                  U/euf/m/n --> U/euf/b/n on input line 106.
) (/usr/share/texmf-dist/tex/latex/amsfonts/amssymb.sty
Package: amssymb 2013/01/14 v3.01 AMS font symbols
) (/usr/share/texmf-dist/tex/latex/xcolor/xcolor.sty
Package: xcolor 2016/05/11 v2.12 LaTeX color extensions (UK)
 (/usr/share/texmf-dist/tex/latex/graphics-cfg/color.cfg
File: color.cfg 2016/01/02 v1.6 sample color configuration
)
Package xcolor Info: Driver file: pdftex.def on input line 225.
 (/usr/share/texmf-dist/tex/latex/graphics-def/pdftex.def
File: pdftex.def 2018/01/08 v1.0l Graphics/color driver for pdftex
)
Package xcolor Info: Model `cmy' substituted by `cmy0' on input line 1348.
Package xcolor Info: Model `hsb' substituted by `rgb' on input line 1352.
Package xcolor Info: Model `RGB' extended on input line 1364.
Package xcolor Info: Model `HTML' substituted by `rgb' on input line 1366.
Package xcolor Info: Model `Hsb' substituted by `hsb' on input line 1367.
Package xcolor Info: Model `tHsb' substituted by `hsb' on input line 1368.
Package xcolor Info: Model `HSB' substituted by `hsb' on input line 1369.
Package xcolor Info: Model `Gray' substituted by `gray' on input line 1370.
Package xcolor Info: Model `wave' substituted by `hsb' on input line 1371.
) (/usr/share/texmf-dist/tex/latex/graphics/graphicx.sty
Package: graphicx 2017/06/01 v1.1a Enhanced LaTeX Graphics (DPC,SPQR)
 (/usr/share/texmf-dist/tex/latex/graphics/graphics.sty
Package: graphics 2017/06/25 v1.2c Standard LaTeX Graphics (DPC,SPQR)
 (/usr/share/texmf-dist/tex/latex/graphics/trig.sty
Package: trig 2016/01/03 v1.10 sin cos tan (DPC)
) (/usr/share/texmf-dist/tex/latex/graphics-cfg/graphics.cfg
File: graphics.cfg 2016/06/04 v1.11 sample graphics configuration
)
Package graphics Info: Driver file: pdftex.def on input line 99.
)
\Gin@req@height=\dimen117
\Gin@req@width=\dimen118
) (/usr/share/texmf-dist/tex/latex/titling/titling.sty
Package: titling 2009/09/04 v2.1d maketitle typesetting
\thanksmarkwidth=\skip46
\thanksmargin=\skip47
\droptitle=\skip48
) (/usr/share/texmf-dist/tex/latex/base/inputenc.sty
Package: inputenc 2018/08/11 v1.3c Input encoding file
\inpenc@prehook=\toks21
\inpenc@posthook=\toks22
) (/usr/share/texmf-dist/tex/generic/babel/babel.sty
Package: babel 2018/11/13 3.27 The Babel package
 (/usr/share/texmf-dist/tex/generic/babel/switch.def
File: switch.def 2018/11/13 3.27 Babel switching mechanism
) (/usr/share/texmf-dist/tex/generic/babel-italian/italian.ldf
Language: italian 2019/01/05 v.1.4.01 Italian support for the babel system
 (/usr/share/texmf-dist/tex/generic/babel/babel.def
File: babel.def 2018/11/13 3.27 Babel common definitions
\babel@savecnt=\count108
\U@D=\dimen119
 (/usr/share/texmf-dist/tex/generic/babel/txtbabel.def)
\bbl@dirlevel=\count109
)
\it@lettering=\count110
\it@doublequoteactive=\count111
\it@ISOcompliance=\count112
)) (/usr/share/texmf-dist/tex/latex/etoolbox/etoolbox.sty
Package: etoolbox 2018/08/19 v2.5f e-TeX tools for LaTeX (JAW)
\etb@tempcnta=\count113
) (/usr/share/texmf-dist/tex/latex/fancyhdr/fancyhdr.sty
Package: fancyhdr 2019/01/31 v3.10 Extensive control of page headers and footers
\f@nch@headwidth=\skip49
\f@nch@O@elh=\skip50
\f@nch@O@erh=\skip51
\f@nch@O@olh=\skip52
\f@nch@O@orh=\skip53
\f@nch@O@elf=\skip54
\f@nch@O@erf=\skip55
\f@nch@O@olf=\skip56
\f@nch@O@orf=\skip57
) (/usr/share/texmf-dist/tex/latex/lastpage/lastpage.sty
Package: lastpage 2015/03/29 v1.2m Refers to last page's name (HMM; JPG)
) (/usr/share/texmf-dist/tex/latex/base/textcomp.sty
Package: textcomp 2018/08/11 v2.0j Standard LaTeX package
Package textcomp Info: Sub-encoding information:
(textcomp)               5 = only ISO-Adobe without \textcurrency
(textcomp)               4 = 5 + \texteuro
(textcomp)               3 = 4 + \textohm
(textcomp)               2 = 3 + \textestimated + \textcurrency
(textcomp)               1 = TS1 - \textcircled - \t
(textcomp)               0 = TS1 (full)
(textcomp)             Font families with sub-encoding setting implement
(textcomp)             only a restricted character set as indicated.
(textcomp)             Family '?' is the default used for unknown fonts.
(textcomp)             See the documentation for details.
Package textcomp Info: Setting ? sub-encoding to TS1/1 on input line 79.
 (/usr/share/texmf-dist/tex/latex/base/ts1enc.def
File: ts1enc.def 2001/06/05 v3.0e (jk/car/fm) Standard LaTeX file
Now handling font encoding TS1 ...
... processing UTF-8 mapping file for font encoding TS1
 (/usr/share/texmf-dist/tex/latex/base/ts1enc.dfu
File: ts1enc.dfu 2018/10/05 v1.2f UTF-8 support for inputenc
   defining Unicode char U+00A2 (decimal 162)
   defining Unicode char U+00A3 (decimal 163)
   defining Unicode char U+00A4 (decimal 164)
   defining Unicode char U+00A5 (decimal 165)
   defining Unicode char U+00A6 (decimal 166)
   defining Unicode char U+00A7 (decimal 167)
   defining Unicode char U+00A8 (decimal 168)
   defining Unicode char U+00A9 (decimal 169)
   defining Unicode char U+00AA (decimal 170)
   defining Unicode char U+00AC (decimal 172)
   defining Unicode char U+00AE (decimal 174)
   defining Unicode char U+00AF (decimal 175)
   defining Unicode char U+00B0 (decimal 176)
   defining Unicode char U+00B1 (decimal 177)
   defining Unicode char U+00B2 (decimal 178)
   defining Unicode char U+00B3 (decimal 179)
   defining Unicode char U+00B4 (decimal 180)
   defining Unicode char U+00B5 (decimal 181)
   defining Unicode char U+00B6 (decimal 182)
   defining Unicode char U+00B7 (decimal 183)
   defining Unicode char U+00B9 (decimal 185)
   defining Unicode char U+00BA (decimal 186)
   defining Unicode char U+00BC (decimal 188)
   defining Unicode char U+00BD (decimal 189)
   defining Unicode char U+00BE (decimal 190)
   defining Unicode char U+00D7 (decimal 215)
   defining Unicode char U+00F7 (decimal 247)
   defining Unicode char U+0192 (decimal 402)
   defining Unicode char U+02C7 (decimal 711)
   defining Unicode char U+02D8 (decimal 728)
   defining Unicode char U+02DD (decimal 733)
   defining Unicode char U+0E3F (decimal 3647)
   defining Unicode char U+2016 (decimal 8214)
   defining Unicode char U+2020 (decimal 8224)
   defining Unicode char U+2021 (decimal 8225)
   defining Unicode char U+2022 (decimal 8226)
   defining Unicode char U+2030 (decimal 8240)
   defining Unicode char U+2031 (decimal 8241)
   defining Unicode char U+203B (decimal 8251)
   defining Unicode char U+203D (decimal 8253)
   defining Unicode char U+2044 (decimal 8260)
   defining Unicode char U+204E (decimal 8270)
   defining Unicode char U+2052 (decimal 8274)
   defining Unicode char U+20A1 (decimal 8353)
   defining Unicode char U+20A4 (decimal 8356)
   defining Unicode char U+20A6 (decimal 8358)
   defining Unicode char U+20A9 (decimal 8361)
   defining Unicode char U+20AB (decimal 8363)
   defining Unicode char U+20AC (decimal 8364)
   defining Unicode char U+20B1 (decimal 8369)
   defining Unicode char U+2103 (decimal 8451)
   defining Unicode char U+2116 (decimal 8470)
   defining Unicode char U+2117 (decimal 8471)
   defining Unicode char U+211E (decimal 8478)
   defining Unicode char U+2120 (decimal 8480)
   defining Unicode char U+2122 (decimal 8482)
   defining Unicode char U+2126 (decimal 8486)
   defining Unicode char U+2127 (decimal 8487)
   defining Unicode char U+212E (decimal 8494)
   defining Unicode char U+2190 (decimal 8592)
   defining Unicode char U+2191 (decimal 8593)
   defining Unicode char U+2192 (decimal 8594)
   defining Unicode char U+2193 (decimal 8595)
   defining Unicode char U+2329 (decimal 9001)
   defining Unicode char U+232A (decimal 9002)
   defining Unicode char U+2422 (decimal 9250)
   defining Unicode char U+25E6 (decimal 9702)
   defining Unicode char U+25EF (decimal 9711)
   defining Unicode char U+266A (decimal 9834)
   defining Unicode char U+FEFF (decimal 65279)
))
LaTeX Info: Redefining \oldstylenums on input line 334.
Package textcomp Info: Setting cmr sub-encoding to TS1/0 on input line 349.
Package textcomp Info: Setting cmss sub-encoding to TS1/0 on input line 350.
Package textcomp Info: Setting cmtt sub-encoding to TS1/0 on input line 351.
Package textcomp Info: Setting cmvtt sub-encoding to TS1/0 on input line 352.
Package textcomp Info: Setting cmbr sub-encoding to TS1/0 on input line 353.
Package textcomp Info: Setting cmtl sub-encoding to TS1/0 on input line 354.
Package textcomp Info: Setting ccr sub-encoding to TS1/0 on input line 355.
Package textcomp Info: Setting ptm sub-encoding to TS1/4 on input line 356.
Package textcomp Info: Setting pcr sub-encoding to TS1/4 on input line 357.
Package textcomp Info: Setting phv sub-encoding to TS1/4 on input line 358.
Package textcomp Info: Setting ppl sub-encoding to TS1/3 on input line 359.
Package textcomp Info: Setting pag sub-encoding to TS1/4 on input line 360.
Package textcomp Info: Setting pbk sub-encoding to TS1/4 on input line 361.
Package textcomp Info: Setting pnc sub-encoding to TS1/4 on input line 362.
Package textcomp Info: Setting pzc sub-encoding to TS1/4 on input line 363.
Package textcomp Info: Setting bch sub-encoding to TS1/4 on input line 364.
Package textcomp Info: Setting put sub-encoding to TS1/5 on input line 365.
Package textcomp Info: Setting uag sub-encoding to TS1/5 on input line 366.
Package textcomp Info: Setting ugq sub-encoding to TS1/5 on input line 367.
Package textcomp Info: Setting ul8 sub-encoding to TS1/4 on input line 368.
Package textcomp Info: Setting ul9 sub-encoding to TS1/4 on input line 369.
Package textcomp Info: Setting augie sub-encoding to TS1/5 on input line 370.
Package textcomp Info: Setting dayrom sub-encoding to TS1/3 on input line 371.
Package textcomp Info: Setting dayroms sub-encoding to TS1/3 on input line 372.
Package textcomp Info: Setting pxr sub-encoding to TS1/0 on input line 373.
Package textcomp Info: Setting pxss sub-encoding to TS1/0 on input line 374.
Package textcomp Info: Setting pxtt sub-encoding to TS1/0 on input line 375.
Package textcomp Info: Setting txr sub-encoding to TS1/0 on input line 376.
Package textcomp Info: Setting txss sub-encoding to TS1/0 on input line 377.
Package textcomp Info: Setting txtt sub-encoding to TS1/0 on input line 378.
Package textcomp Info: Setting lmr sub-encoding to TS1/0 on input line 379.
Package textcomp Info: Setting lmdh sub-encoding to TS1/0 on input line 380.
Package textcomp Info: Setting lmss sub-encoding to TS1/0 on input line 381.
Package textcomp Info: Setting lmssq sub-encoding to TS1/0 on input line 382.
Package textcomp Info: Setting lmvtt sub-encoding to TS1/0 on input line 383.
Package textcomp Info: Setting lmtt sub-encoding to TS1/0 on input line 384.
Package textcomp Info: Setting qhv sub-encoding to TS1/0 on input line 385.
Package textcomp Info: Setting qag sub-encoding to TS1/0 on input line 386.
Package textcomp Info: Setting qbk sub-encoding to TS1/0 on input line 387.
Package textcomp Info: Setting qcr sub-encoding to TS1/0 on input line 388.
Package textcomp Info: Setting qcs sub-encoding to TS1/0 on input line 389.
Package textcomp Info: Setting qpl sub-encoding to TS1/0 on input line 390.
Package textcomp Info: Setting qtm sub-encoding to TS1/0 on input line 391.
Package textcomp Info: Setting qzc sub-encoding to TS1/0 on input line 392.
Package textcomp Info: Setting qhvc sub-encoding to TS1/0 on input line 393.
Package textcomp Info: Setting futs sub-encoding to TS1/4 on input line 394.
Package textcomp Info: Setting futx sub-encoding to TS1/4 on input line 395.
Package textcomp Info: Setting futj sub-encoding to TS1/4 on input line 396.
Package textcomp Info: Setting hlh sub-encoding to TS1/3 on input line 397.
Package textcomp Info: Setting hls sub-encoding to TS1/3 on input line 398.
Package textcomp Info: Setting hlst sub-encoding to TS1/3 on input line 399.
Package textcomp Info: Setting hlct sub-encoding to TS1/5 on input line 400.
Package textcomp Info: Setting hlx sub-encoding to TS1/5 on input line 401.
Package textcomp Info: Setting hlce sub-encoding to TS1/5 on input line 402.
Package textcomp Info: Setting hlcn sub-encoding to TS1/5 on input line 403.
Package textcomp Info: Setting hlcw sub-encoding to TS1/5 on input line 404.
Package textcomp Info: Setting hlcf sub-encoding to TS1/5 on input line 405.
Package textcomp Info: Setting pplx sub-encoding to TS1/3 on input line 406.
Package textcomp Info: Setting pplj sub-encoding to TS1/3 on input line 407.
Package textcomp Info: Setting ptmx sub-encoding to TS1/4 on input line 408.
Package textcomp Info: Setting ptmj sub-encoding to TS1/4 on input line 409.
) (/usr/share/texmf-dist/tex/latex/hyperref/hyperref.sty
Package: hyperref 2018/11/30 v6.88e Hypertext links for LaTeX
 (/usr/share/texmf-dist/tex/generic/oberdiek/hobsub-hyperref.sty
Package: hobsub-hyperref 2016/05/16 v1.14 Bundle oberdiek, subset hyperref (HO)
 (/usr/share/texmf-dist/tex/generic/oberdiek/hobsub-generic.sty
Package: hobsub-generic 2016/05/16 v1.14 Bundle oberdiek, subset generic (HO)
Package: hobsub 2016/05/16 v1.14 Construct package bundles (HO)
Package: infwarerr 2016/05/16 v1.4 Providing info/warning/error messages (HO)
Package: ltxcmds 2016/05/16 v1.23 LaTeX kernel commands for general use (HO)
Package: ifluatex 2016/05/16 v1.4 Provides the ifluatex switch (HO)
Package ifluatex Info: LuaTeX not detected.
Package: ifvtex 2016/05/16 v1.6 Detect VTeX and its facilities (HO)
Package ifvtex Info: VTeX not detected.
Package: intcalc 2016/05/16 v1.2 Expandable calculations with integers (HO)
Package: ifpdf 2018/09/07 v3.3 Provides the ifpdf switch
Package: etexcmds 2016/05/16 v1.6 Avoid name clashes with e-TeX commands (HO)
Package etexcmds Info: Could not find \expanded.
(etexcmds)             That can mean that you are not using pdfTeX 1.50 or
(etexcmds)             that some package has redefined \expanded.
(etexcmds)             In the latter case, load this package earlier.
Package: kvsetkeys 2016/05/16 v1.17 Key value parser (HO)
Package: kvdefinekeys 2016/05/16 v1.4 Define keys (HO)
Package: pdftexcmds 2018/09/10 v0.29 Utility functions of pdfTeX for LuaTeX (HO)
Package pdftexcmds Info: LuaTeX not detected.
Package pdftexcmds Info: \pdf@primitive is available.
Package pdftexcmds Info: \pdf@ifprimitive is available.
Package pdftexcmds Info: \pdfdraftmode found.
Package: pdfescape 2016/05/16 v1.14 Implements pdfTeX's escape features (HO)
Package: bigintcalc 2016/05/16 v1.4 Expandable calculations on big integers (HO)
Package: bitset 2016/05/16 v1.2 Handle bit-vector datatype (HO)
Package: uniquecounter 2016/05/16 v1.3 Provide unlimited unique counter (HO)
)
Package hobsub Info: Skipping package `hobsub' (already loaded).
Package: letltxmacro 2016/05/16 v1.5 Let assignment for LaTeX macros (HO)
Package: hopatch 2016/05/16 v1.3 Wrapper for package hooks (HO)
Package: xcolor-patch 2016/05/16 xcolor patch
Package: atveryend 2016/05/16 v1.9 Hooks at the very end of document (HO)
Package: atbegshi 2016/06/09 v1.18 At begin shipout hook (HO)
Package: refcount 2016/05/16 v3.5 Data extraction from label references (HO)
Package: hycolor 2016/05/16 v1.8 Color options for hyperref/bookmark (HO)
) (/usr/share/texmf-dist/tex/generic/ifxetex/ifxetex.sty
Package: ifxetex 2010/09/12 v0.6 Provides ifxetex conditional
) (/usr/share/texmf-dist/tex/latex/oberdiek/auxhook.sty
Package: auxhook 2016/05/16 v1.4 Hooks for auxiliary files (HO)
) (/usr/share/texmf-dist/tex/latex/oberdiek/kvoptions.sty
Package: kvoptions 2016/05/16 v3.12 Key value format for package options (HO)
)
\@linkdim=\dimen120
\Hy@linkcounter=\count114
\Hy@pagecounter=\count115
 (/usr/share/texmf-dist/tex/latex/hyperref/pd1enc.def
File: pd1enc.def 2018/11/30 v6.88e Hyperref: PDFDocEncoding definition (HO)
Now handling font encoding PD1 ...
... no UTF-8 mapping file for font encoding PD1
)
\Hy@SavedSpaceFactor=\count116
 (/usr/share/texmf-dist/tex/latex/latexconfig/hyperref.cfg
File: hyperref.cfg 2002/06/06 v1.2 hyperref configuration of TeXLive
)
Package hyperref Info: Hyper figures OFF on input line 4519.
Package hyperref Info: Link nesting OFF on input line 4524.
Package hyperref Info: Hyper index ON on input line 4527.
Package hyperref Info: Plain pages OFF on input line 4534.
Package hyperref Info: Backreferencing OFF on input line 4539.
Package hyperref Info: Implicit mode ON; LaTeX internals redefined.
Package hyperref Info: Bookmarks ON on input line 4772.
\c@Hy@tempcnt=\count117
 (/usr/share/texmf-dist/tex/latex/url/url.sty
\Urlmuskip=\muskip11
Package: url 2013/09/16  ver 3.4  Verb mode for urls, etc.
)
LaTeX Info: Redefining \url on input line 5125.
\XeTeXLinkMargin=\dimen121
\Fld@menulength=\count118
\Field@Width=\dimen122
\Fld@charsize=\dimen123
Package hyperref Info: Hyper figures OFF on input line 6380.
Package hyperref Info: Link nesting OFF on input line 6385.
Package hyperref Info: Hyper index ON on input line 6388.
Package hyperref Info: backreferencing OFF on input line 6395.
Package hyperref Info: Link coloring OFF on input line 6400.
Package hyperref Info: Link coloring with OCG OFF on input line 6405.
Package hyperref Info: PDF/A mode OFF on input line 6410.
LaTeX Info: Redefining \ref on input line 6450.
LaTeX Info: Redefining \pageref on input line 6454.
\Hy@abspage=\count119
\c@Item=\count120
\c@Hfootnote=\count121
)
Package hyperref Info: Driver (autodetected): hpdftex.
 (/usr/share/texmf-dist/tex/latex/hyperref/hpdftex.def
File: hpdftex.def 2018/11/30 v6.88e Hyperref driver for pdfTeX
\Fld@listcount=\count122
\c@bookmark@seq@number=\count123
 (/usr/share/texmf-dist/tex/latex/oberdiek/rerunfilecheck.sty
Package: rerunfilecheck 2016/05/16 v1.8 Rerun checks for auxiliary files (HO)
Package uniquecounter Info: New unique counter `rerunfilecheck' on input line 282.
)
\Hy@SectionHShift=\skip58
) (/usr/share/texmf-dist/tex/latex/float/float.sty
Package: float 2001/11/08 v1.3d Float enhancements (AL)
\c@float@type=\count124
\float@exts=\toks23
\float@box=\box31
\@float@everytoks=\toks24
\@floatcapt=\box32
) (/usr/share/texmf-dist/tex/latex/roboto/roboto.sty
Package: roboto 2017/04/10 (Bob Tennent) Supports Roboto fonts for all LaTeX engines.
 (/usr/share/texmf-dist/tex/latex/xkeyval/xkeyval.sty
Package: xkeyval 2014/12/03 v2.7a package option processing (HA)
 (/usr/share/texmf-dist/tex/generic/xkeyval/xkeyval.tex (/usr/share/texmf-dist/tex/generic/xkeyval/xkvutils.tex
\XKV@toks=\toks25
\XKV@tempa@toks=\toks26
)
\XKV@depth=\count125
File: xkeyval.tex 2014/12/03 v2.7a key=value parser (HA)
)) (/usr/share/texmf-dist/tex/latex/base/fontenc.sty
Package: fontenc 2018/08/11 v2.0j Standard LaTeX package
) (/usr/share/texmf-dist/tex/latex/fontaxes/fontaxes.sty
Package: fontaxes 2014/03/23 v1.0d Font selection axes
LaTeX Info: Redefining \upshape on input line 29.
LaTeX Info: Redefining \itshape on input line 31.
LaTeX Info: Redefining \slshape on input line 33.
LaTeX Info: Redefining \scshape on input line 37.
) (/usr/share/texmf-dist/tex/latex/mweights/mweights.sty
Package: mweights 2017/03/30 (Bob Tennent) Support package for multiple-weight font packages. 
LaTeX Info: Redefining \bfseries on input line 22.
LaTeX Info: Redefining \mdseries on input line 30.
LaTeX Info: Redefining \rmfamily on input line 38.
LaTeX Info: Redefining \sffamily on input line 66.
LaTeX Info: Redefining \ttfamily on input line 94.
)
LaTeX Info: Redefining \oldstylenums on input line 189.
) (/usr/share/texmf-dist/tex/latex/geometry/geometry.sty
Package: geometry 2018/04/16 v5.8 Page Geometry
\Gm@cnth=\count126
\Gm@cntv=\count127
\c@Gm@tempcnt=\count128
\Gm@bindingoffset=\dimen124
\Gm@wd@mp=\dimen125
\Gm@odd@mp=\dimen126
\Gm@even@mp=\dimen127
\Gm@layoutwidth=\dimen128
\Gm@layoutheight=\dimen129
\Gm@layouthoffset=\dimen130
\Gm@layoutvoffset=\dimen131
\Gm@dimlist=\toks27
) (/usr/share/texmf-dist/tex/latex/tools/enumerate.sty
Package: enumerate 2015/07/23 v3.00 enumerate extensions (DPC)
\@enLab=\toks28
) (/usr/share/texmf-dist/tex/latex/enumitem/enumitem.sty
Package: enumitem 2019/02/04 v3.8 Customized lists
\labelindent=\skip59
\enit@outerparindent=\dimen132
\enit@toks=\toks29
\enit@inbox=\box33
\enit@count@id=\count129
\enitdp@description=\count130
) (/home/edoardo/Documents/SicurezzaInformatica/DocEsameTex/doc.aux

LaTeX Warning: Label `fig:1' multiply defined.


LaTeX Warning: Label `fig:1' multiply defined.


LaTeX Warning: Label `fig:1' multiply defined.


LaTeX Warning: Label `fig:1' multiply defined.


LaTeX Warning: Label `fig:1' multiply defined.


LaTeX Warning: Label `fig:1' multiply defined.


LaTeX Warning: Label `fig:1' multiply defined.


LaTeX Warning: Label `fig:1' multiply defined.


LaTeX Warning: Label `fig:1' multiply defined.


LaTeX Warning: Label `fig:1' multiply defined.


LaTeX Warning: Label `fig:1' multiply defined.


LaTeX Warning: Label `fig:1' multiply defined.


LaTeX Warning: Label `fig:1' multiply defined.


LaTeX Warning: Label `fig:1' multiply defined.


LaTeX Warning: Label `fig:1' multiply defined.


LaTeX Warning: Label `fig:1' multiply defined.


LaTeX Warning: Label `fig:1' multiply defined.


LaTeX Warning: Label `fig:1' multiply defined.


LaTeX Warning: Label `fig:1' multiply defined.

)
\openout1 = `doc.aux'.

LaTeX Font Info:    Checking defaults for OML/cmm/m/it on input line 41.
LaTeX Font Info:    ... okay on input line 41.
LaTeX Font Info:    Checking defaults for T1/cmr/m/n on input line 41.
LaTeX Font Info:    ... okay on input line 41.
LaTeX Font Info:    Checking defaults for OT1/cmr/m/n on input line 41.
LaTeX Font Info:    ... okay on input line 41.
LaTeX Font Info:    Checking defaults for OMS/cmsy/m/n on input line 41.
LaTeX Font Info:    ... okay on input line 41.
LaTeX Font Info:    Checking defaults for OMX/cmex/m/n on input line 41.
LaTeX Font Info:    ... okay on input line 41.
LaTeX Font Info:    Checking defaults for U/cmr/m/n on input line 41.
LaTeX Font Info:    ... okay on input line 41.
LaTeX Font Info:    Checking defaults for TS1/cmr/m/n on input line 41.
LaTeX Font Info:    Try loading font information for TS1+cmr on input line 41.
 (/usr/share/texmf-dist/tex/latex/base/ts1cmr.fd
File: ts1cmr.fd 2014/09/29 v2.5h Standard LaTeX font definitions
)
LaTeX Font Info:    ... okay on input line 41.
LaTeX Font Info:    Checking defaults for PD1/pdf/m/n on input line 41.
LaTeX Font Info:    ... okay on input line 41.
LaTeX Font Info:    Try loading font information for OT1+Roboto-LF on input line 41.
 (/usr/share/texmf-dist/tex/latex/roboto/OT1Roboto-LF.fd
File: OT1Roboto-LF.fd 2015/09/15 (autoinst) Font definitions for OT1/Roboto-LF.
)
LaTeX Font Info:    Font shape `OT1/Roboto-LF/m/n' will be
(Font)              scaled to size 8.0pt on input line 41.
\c@lstlisting=\count131
 (/usr/share/texmf-dist/tex/context/base/mkii/supp-pdf.mkii
[Loading MPS to PDF converter (version 2006.09.02).]
\scratchcounter=\count132
\scratchdimen=\dimen133
\scratchbox=\box34
\nofMPsegments=\count133
\nofMParguments=\count134
\everyMPshowfont=\toks30
\MPscratchCnt=\count135
\MPscratchDim=\dimen134
\MPnumerator=\count136
\makeMPintoPDFobject=\count137
\everyMPtoPDFconversion=\toks31
) (/usr/share/texmf-dist/tex/latex/oberdiek/epstopdf-base.sty
Package: epstopdf-base 2016/05/15 v2.6 Base part for package epstopdf
 (/usr/share/texmf-dist/tex/latex/oberdiek/grfext.sty
Package: grfext 2016/05/16 v1.2 Manage graphics extensions (HO)
)
Package epstopdf-base Info: Redefining graphics rule for `.eps' on input line 438.
Package grfext Info: Graphics extension search list:
(grfext)             [.pdf,.png,.jpg,.mps,.jpeg,.jbig2,.jb2,.PDF,.PNG,.JPG,.JPEG,.JBIG2,.JB2,.eps]
(grfext)             \AppendGraphicsExtensions on input line 456.
 (/usr/share/texmf-dist/tex/latex/latexconfig/epstopdf-sys.cfg
File: epstopdf-sys.cfg 2010/07/13 v1.3 Configuration of (r)epstopdf for TeX Live
))
LaTeX Info: Redefining \it@ocap on input line 41.
LaTeX Info: Redefining \it@ccap on input line 41.


File italian.ldf warning: 
italian.ldf    With OT1 encoding guillemets are poorly faked
italian.ldf    Use T1 encoding
italian.ldf    or specify a font with command \CaporaliFrom
italian.ldf    See the documentation concerning the babel-italian typesetting 
italian.ldf    on input line 41.

Package lastpage Info: Please have a look at the pageslts package at
(lastpage)             https://www.ctan.org/pkg/pageslts
(lastpage)             ! on input line 41.
\AtBeginShipoutBox=\box35
Package hyperref Info: Link coloring OFF on input line 41.
(/usr/share/texmf-dist/tex/latex/hyperref/nameref.sty
Package: nameref 2016/05/21 v2.44 Cross-referencing by name of section
 (/usr/share/texmf-dist/tex/generic/oberdiek/gettitlestring.sty
Package: gettitlestring 2016/05/16 v1.5 Cleanup title references (HO)
)
\c@section@level=\count138
)
LaTeX Info: Redefining \ref on input line 41.
LaTeX Info: Redefining \pageref on input line 41.
LaTeX Info: Redefining \nameref on input line 41.
 (/home/edoardo/Documents/SicurezzaInformatica/DocEsameTex/doc.out) (/home/edoardo/Documents/SicurezzaInformatica/DocEsameTex/doc.out)
\@outlinefile=\write3
\openout3 = `doc.out'.

\c@mv@tabular=\count139
\c@mv@boldtabular=\count140

*geometry* driver: auto-detecting
*geometry* detected driver: pdftex
*geometry* verbose mode - [ preamble ] result:
* driver: pdftex
* paper: a4paper
* layout: <same size as paper>
* layoutoffset:(h,v)=(0.0pt,0.0pt)
* modes: 
* h-part:(L,W,R)=(28.45274pt, 540.60239pt, 28.45274pt)
* v-part:(T,H,B)=(28.45274pt, 788.14136pt, 28.45274pt)
* \paperwidth=597.50787pt
* \paperheight=845.04684pt
* \textwidth=540.60239pt
* \textheight=788.14136pt
* \oddsidemargin=-43.81725pt
* \evensidemargin=-43.81725pt
* \topmargin=-80.81725pt
* \headheight=12.0pt
* \headsep=25.0pt
* \topskip=9.0pt
* \footskip=19.91684pt
* \marginparwidth=74.0pt
* \marginparsep=10.0pt
* \columnsep=10.0pt
* \skip\footins=7.0pt plus 4.0pt minus 2.0pt
* \hoffset=0.0pt
* \voffset=0.0pt
* \mag=1000
* \@twocolumnfalse
* \@twosidefalse
* \@mparswitchfalse
* \@reversemarginfalse
* (1in=72.27pt=25.4mm, 1cm=28.453pt)

LaTeX Font Info:    Font shape `OT1/Roboto-LF/m/n' will be
(Font)              scaled to size 12.0pt on input line 44.
LaTeX Font Info:    Font shape `OT1/Roboto-LF/m/n' will be
(Font)              scaled to size 17.28pt on input line 44.
LaTeX Font Info:    Font shape `OT1/Roboto-LF/m/n' will be
(Font)              scaled to size 10.0pt on input line 44.
LaTeX Font Info:    Try loading font information for U+msa on input line 44.
(/usr/share/texmf-dist/tex/latex/amsfonts/umsa.fd
File: umsa.fd 2013/01/14 v3.01 AMS symbols A
)
LaTeX Font Info:    Try loading font information for U+msb on input line 44.
 (/usr/share/texmf-dist/tex/latex/amsfonts/umsb.fd
File: umsb.fd 2013/01/14 v3.01 AMS symbols B
) [0

{/var/lib/texmf/fonts/map/pdftex/updmap/pdftex.map}]
LaTeX Font Info:    Font shape `OT1/Roboto-LF/m/n' will be
(Font)              scaled to size 10.95pt on input line 47.
LaTeX Font Info:    Font shape `OT1/Roboto-LF/b/n' will be
(Font)              scaled to size 10.95pt on input line 47.
 (/home/edoardo/Documents/SicurezzaInformatica/DocEsameTex/doc.toc
LaTeX Font Info:    Font shape `OT1/Roboto-LF/b/n' will be
(Font)              scaled to size 8.0pt on input line 3.
)
\tf@toc=\write4
\openout4 = `doc.toc'.

 (/usr/share/texmf-dist/tex/latex/listings/lstlang1.sty
File: lstlang1.sty 2018/09/02 1.7 listings language file
) (/usr/share/texmf-dist/tex/latex/listings/lstlang1.sty
File: lstlang1.sty 2018/09/02 1.7 listings language file
) (/usr/share/texmf-dist/tex/latex/listings/lstmisc.sty
File: lstmisc.sty 2018/09/02 1.7 (Carsten Heinz)
) [1]
LaTeX Font Info:    Font shape `OT1/Roboto-LF/b/n' will be
(Font)              scaled to size 10.0pt on input line 52.

Underfull \hbox (badness 10000) in paragraph at lines 64--79

 []


Underfull \hbox (badness 10000) in paragraph at lines 81--92

 []


Underfull \hbox (badness 10000) in paragraph at lines 93--107

 []

<images/ATM1.png, id=395, 930.47626pt x 543.02875pt>
File: images/ATM1.png Graphic file (type png)
<use images/ATM1.png>
Package pdftex.def Info: images/ATM1.png  used on input line 118.
(pdftex.def)             Requested size: 279.14502pt x 162.90987pt.

Underfull \hbox (badness 10000) in paragraph at lines 121--142

 []


Underfull \hbox (badness 10000) in paragraph at lines 121--142

 []


Underfull \hbox (badness 10000) in paragraph at lines 121--142

 []

[2pdfTeX warning (ext4): destination with the same identifier (name{figure.1}) has been already used, duplicate ignored

\AtBegShi@Output ...ipout \box \AtBeginShipoutBox 
                                                  \fi \fi 
l.142     \item
                Il VPI (Virtual Path Identifier) identifica il path virtua... </home/edoardo/Documents/SicurezzaInformatica/DocEsameTex/images/ATM1.png>]
LaTeX Font Info:    Try loading font information for TS1+Roboto-LF on input line 142.
 (/usr/share/texmf-dist/tex/latex/roboto/TS1Roboto-LF.fd
File: TS1Roboto-LF.fd 2015/09/15 (autoinst) Font definitions for TS1/Roboto-LF.
)
LaTeX Font Info:    Font shape `TS1/Roboto-LF/m/n' will be
(Font)              scaled to size 8.0pt on input line 142.
LaTeX Font Info:    Font shape `OT1/Roboto-LF/m/n' will be
(Font)              scaled to size 6.0pt on input line 148.

Underfull \hbox (badness 10000) in paragraph at lines 145--162

 []


Underfull \hbox (badness 10000) in paragraph at lines 145--162

 []


Underfull \hbox (badness 10000) in paragraph at lines 145--162

 []


Underfull \hbox (badness 10000) in paragraph at lines 145--162

 []


Underfull \hbox (badness 10000) in paragraph at lines 163--165

 []


Underfull \hbox (badness 10000) in paragraph at lines 177--199

 []


Underfull \hbox (badness 10000) in paragraph at lines 177--199

 []


Underfull \hbox (badness 10000) in paragraph at lines 177--199

 []


Underfull \hbox (badness 10000) in paragraph at lines 243--248

 []

[3]
Underfull \hbox (badness 10000) in paragraph at lines 274--281

 []

<images/SchemaMetasploit.png, id=413, 1570.86874pt x 992.70876pt>
File: images/SchemaMetasploit.png Graphic file (type png)
<use images/SchemaMetasploit.png>
Package pdftex.def Info: images/SchemaMetasploit.png  used on input line 345.
(pdftex.def)             Requested size: 314.16818pt x 198.53824pt.
[4]
Underfull \hbox (badness 10000) in paragraph at lines 349--355

 []

[5pdfTeX warning (ext4): destination with the same identifier (name{figure.2}) has been already used, duplicate ignored

\AtBegShi@Output ...ipout \box \AtBeginShipoutBox 
                                                  \fi \fi 
l.414     \item C
                 orrettezza dei bugs: Il fuzzing può anche essere usato per... </home/edoardo/Documents/SicurezzaInformatica/DocEsameTex/images/SchemaMetasploit.png>]
Underfull \hbox (badness 10000) in paragraph at lines 420--428

 []

<images/BO1.png, id=446, 894.34125pt x 820.06375pt>
File: images/BO1.png Graphic file (type png)
<use images/BO1.png>
Package pdftex.def Info: images/BO1.png  used on input line 440.
(pdftex.def)             Requested size: 178.86508pt x 164.00984pt.

Underfull \hbox (badness 10000) in paragraph at lines 429--442

 []

<images/BO2.png, id=447, 826.08624pt x 801.99625pt>
File: images/BO2.png Graphic file (type png)
<use images/BO2.png>
Package pdftex.def Info: images/BO2.png  used on input line 482.
(pdftex.def)             Requested size: 165.21431pt x 160.39641pt.
[6pdfTeX warning (ext4): destination with the same identifier (name{figure.3}) has been already used, duplicate ignored

\AtBegShi@Output ...ipout \box \AtBeginShipoutBox 
                                                  \fi \fi 
l.485 \subsubsection
                    {Integer overflow} </home/edoardo/Documents/SicurezzaInformatica/DocEsameTex/images/BO1.png>]
<images/BO3.png, id=458, 737.75626pt x 454.69875pt>
File: images/BO3.png Graphic file (type png)
<use images/BO3.png>
Package pdftex.def Info: images/BO3.png  used on input line 496.
(pdftex.def)             Requested size: 147.54863pt x 90.93813pt.
<images/BO4.png, id=459, 484.81125pt x 575.14874pt>
File: images/BO4.png Graphic file (type png)
<use images/BO4.png>
Package pdftex.def Info: images/BO4.png  used on input line 519.
(pdftex.def)             Requested size: 72.71854pt x 86.26859pt.
<images/BO5.png, id=460, 1038.88126pt x 346.29375pt>
File: images/BO5.png Graphic file (type png)
<use images/BO5.png>
Package pdftex.def Info: images/BO5.png  used on input line 526.
(pdftex.def)             Requested size: 259.71968pt x 86.57321pt.
 [7pdfTeX warning (ext4): destination with the same identifier (name{figure.4}) has been already used, duplicate ignored

\AtBegShi@Output ...ipout \box \AtBeginShipoutBox 
                                                  \fi \fi 
l.535 \subsection
                 {Protezione dello stack}pdfTeX warning (ext4): destination with the same identifier (name{figure.5}) has been already used, duplicate ignored

\AtBegShi@Output ...ipout \box \AtBeginShipoutBox 
                                                  \fi \fi 
l.535 \subsection
                 {Protezione dello stack}pdfTeX warning (ext4): destination with the same identifier (name{figure.6}) has been already used, duplicate ignored

\AtBegShi@Output ...ipout \box \AtBeginShipoutBox 
                                                  \fi \fi 
l.535 \subsection
                 {Protezione dello stack}pdfTeX warning (ext4): destination with the same identifier (name{figure.7}) has been already used, duplicate ignored

\AtBegShi@Output ...ipout \box \AtBeginShipoutBox 
                                                  \fi \fi 
l.535 \subsection
                 {Protezione dello stack} </home/edoardo/Documents/SicurezzaInformatica/DocEsameTex/images/BO2.png> </home/edoardo/Documents/SicurezzaInformatica/DocEsameTex/images/BO3.png> </home/edoardo/Documents/SicurezzaInformatica/DocEsameTex/images/BO4.png> </home/edoardo/Documents/SicurezzaInformatica/DocEsameTex/images/BO5.png>]
Underfull \hbox (badness 10000) in paragraph at lines 552--570

 []


Underfull \hbox (badness 10000) in paragraph at lines 552--570

 []

<images/Macrofasi.png, id=474, 1087.06125pt x 159.59625pt>
File: images/Macrofasi.png Graphic file (type png)
<use images/Macrofasi.png>
Package pdftex.def Info: images/Macrofasi.png  used on input line 573.
(pdftex.def)             Requested size: 326.1209pt x 47.87923pt.

Underfull \hbox (badness 10000) in paragraph at lines 577--584

 []

<images/RCE1.png, id=475, 418.56375pt x 274.02374pt>
File: images/RCE1.png Graphic file (type png)
<use images/RCE1.png>
Package pdftex.def Info: images/RCE1.png  used on input line 591.
(pdftex.def)             Requested size: 125.57008pt x 82.20775pt.

Underfull \hbox (badness 10000) in paragraph at lines 597--601

 []


Underfull \hbox (badness 10000) in paragraph at lines 597--601

 []

[8pdfTeX warning (ext4): destination with the same identifier (name{figure.8}) has been already used, duplicate ignored

\AtBegShi@Output ...ipout \box \AtBeginShipoutBox 
                                                  \fi \fi 
l.615     \item \textbf
                       {Sandbox:} Una sandbox è un meccanismo che permette ...pdfTeX warning (ext4): destination with the same identifier (name{figure.9}) has been already used, duplicate ignored

\AtBegShi@Output ...ipout \box \AtBeginShipoutBox 
                                                  \fi \fi 
l.615     \item \textbf
                       {Sandbox:} Una sandbox è un meccanismo che permette ... </home/edoardo/Documents/SicurezzaInformatica/DocEsameTex/images/Macrofasi.png> </home/edoardo/Documents/SicurezzaInformatica/DocEsameTex/images/RCE1.png>]
<images/RCE2.png, id=485, 691.58376pt x 350.30875pt>
File: images/RCE2.png Graphic file (type png)
<use images/RCE2.png>
Package pdftex.def Info: images/RCE2.png  used on input line 644.
(pdftex.def)             Requested size: 207.47672pt x 105.09343pt.

Underfull \hbox (badness 10000) in paragraph at lines 648--669

 []


Underfull \hbox (badness 10000) in paragraph at lines 648--669

 []


Underfull \hbox (badness 10000) in paragraph at lines 648--669

 []

<images/RCE3.png, id=486, 699.61375pt x 524.96124pt>
File: images/RCE3.png Graphic file (type png)
<use images/RCE3.png>
Package pdftex.def Info: images/RCE3.png  used on input line 681.
(pdftex.def)             Requested size: 188.89824pt x 141.74142pt.
<images/RCE4.png, id=487, 478.78876pt x 177.66376pt>
File: images/RCE4.png Graphic file (type png)
<use images/RCE4.png>
Package pdftex.def Info: images/RCE4.png  used on input line 686.
(pdftex.def)             Requested size: 143.63773pt x 53.29953pt.
[9pdfTeX warning (ext4): destination with the same identifier (name{figure.10}) has been already used, duplicate ignored

\AtBegShi@Output ...ipout \box \AtBeginShipoutBox 
                                                  \fi \fi 
l.689 \noindent
               pdfTeX warning (ext4): destination with the same identifier (name{figure.11}) has been already used, duplicate ignored

\AtBegShi@Output ...ipout \box \AtBeginShipoutBox 
                                                  \fi \fi 
l.689 \noindent
                </home/edoardo/Documents/SicurezzaInformatica/DocEsameTex/images/RCE2.png> </home/edoardo/Documents/SicurezzaInformatica/DocEsameTex/images/RCE3.png>]
Underfull \hbox (badness 10000) in paragraph at lines 689--694

 []

<images/RCE5.png, id=497, 814.04124pt x 141.52875pt>
File: images/RCE5.png Graphic file (type png)
<use images/RCE5.png>
Package pdftex.def Info: images/RCE5.png  used on input line 702.
(pdftex.def)             Requested size: 325.61072pt x 56.61049pt.
<images/RCE6.png, id=498, 587.19376pt x 173.64874pt>
File: images/RCE6.png Graphic file (type png)
<use images/RCE6.png>
Package pdftex.def Info: images/RCE6.png  used on input line 707.
(pdftex.def)             Requested size: 176.15948pt x 52.09502pt.
<images/RCE7.png, id=499, 532.99126pt x 318.18875pt>
File: images/RCE7.png Graphic file (type png)
<use images/RCE7.png>
Package pdftex.def Info: images/RCE7.png  used on input line 722.
(pdftex.def)             Requested size: 266.49498pt x 159.09398pt.
LaTeX Font Info:    Font shape `OT1/Roboto-LF/m/n' will be
(Font)              scaled to size 7.0pt on input line 729.
[10pdfTeX warning (ext4): destination with the same identifier (name{figure.12}) has been already used, duplicate ignored

\AtBegShi@Output ...ipout \box \AtBeginShipoutBox 
                                                  \fi \fi 
l.751 \subsubsection
                    {Tipi di Honeypot}pdfTeX warning (ext4): destination with the same identifier (name{figure.13}) has been already used, duplicate ignored

\AtBegShi@Output ...ipout \box \AtBeginShipoutBox 
                                                  \fi \fi 
l.751 \subsubsection
                    {Tipi di Honeypot}pdfTeX warning (ext4): destination with the same identifier (name{figure.14}) has been already used, duplicate ignored

\AtBegShi@Output ...ipout \box \AtBeginShipoutBox 
                                                  \fi \fi 
l.751 \subsubsection
                    {Tipi di Honeypot}pdfTeX warning (ext4): destination with the same identifier (name{figure.15}) has been already used, duplicate ignored

\AtBegShi@Output ...ipout \box \AtBeginShipoutBox 
                                                  \fi \fi 
l.751 \subsubsection
                    {Tipi di Honeypot} </home/edoardo/Documents/SicurezzaInformatica/DocEsameTex/images/RCE4.png> </home/edoardo/Documents/SicurezzaInformatica/DocEsameTex/images/RCE5.png> </home/edoardo/Documents/SicurezzaInformatica/DocEsameTex/images/RCE6.png> </home/edoardo/Documents/SicurezzaInformatica/DocEsameTex/images/RCE7.png>] (/usr/share/texmf-dist/tex/latex/listings/lstlang1.sty
File: lstlang1.sty 2018/09/02 1.7 listings language file
)
Underfull \hbox (badness 10000) in paragraph at lines 792--795

 []

LaTeX Font Info:    Try loading font information for OMS+Roboto-LF on input line 797.
LaTeX Font Info:    No file OMSRoboto-LF.fd. on input line 797.

LaTeX Font Warning: Font shape `OMS/Roboto-LF/m/n' undefined
(Font)              using `OMS/cmsy/m/n' instead
(Font)              for symbol `textbraceleft' on input line 797.

LaTeX Font Info:    Font shape `TS1/Roboto-LF/m/n' will be
(Font)              scaled to size 7.0pt on input line 798.
LaTeX Font Info:    Font shape `OT1/Roboto-LF/b/n' will be
(Font)              scaled to size 7.0pt on input line 802.
LaTeX Font Info:    Try loading font information for OML+Roboto-LF on input line 806.
LaTeX Font Info:    No file OMLRoboto-LF.fd. on input line 806.

LaTeX Font Warning: Font shape `OML/Roboto-LF/m/n' undefined
(Font)              using `OML/cmm/m/it' instead
(Font)              for symbol `textgreater' on input line 806.

(/usr/share/texmf-dist/tex/latex/listings/lstlang1.sty
File: lstlang1.sty 2018/09/02 1.7 listings language file
) (/usr/share/texmf-dist/tex/latex/listings/lstmisc.sty
File: lstmisc.sty 2018/09/02 1.7 (Carsten Heinz)
) (/usr/share/texmf-dist/tex/latex/listings/lstlang1.sty
File: lstlang1.sty 2018/09/02 1.7 listings language file
) (/usr/share/texmf-dist/tex/latex/listings/lstlang2.sty
File: lstlang2.sty 2018/09/02 1.7 listings language file
)
LaTeX Font Info:    Font shape `OT1/Roboto-LF/m/it' will be
(Font)              scaled to size 7.0pt on input line 834.
LaTeX Font Info:    Font shape `TS1/Roboto-LF/m/it' will be
(Font)              scaled to size 7.0pt on input line 834.
<images/HP1.png, id=514, 770.88pt x 441.65pt>
File: images/HP1.png Graphic file (type png)
<use images/HP1.png>
Package pdftex.def Info: images/HP1.png  used on input line 850.
(pdftex.def)             Requested size: 231.26578pt x 132.49602pt.
 [11]
Underfull \hbox (badness 10000) in paragraph at lines 854--863

 []

(/usr/share/texmf-dist/tex/latex/listings/lstlang1.sty
File: lstlang1.sty 2018/09/02 1.7 listings language file
) (/usr/share/texmf-dist/tex/latex/listings/lstlang1.sty
File: lstlang1.sty 2018/09/02 1.7 listings language file
)
<images/HP2.png, id=575, 1565.85pt x 790.955pt>
File: images/HP2.png Graphic file (type png)
<use images/HP2.png>
Package pdftex.def Info: images/HP2.png  used on input line 932.
(pdftex.def)             Requested size: 391.46155pt x 197.73827pt.
 [12pdfTeX warning (ext4): destination with the same identifier (name{figure.16}) has been already used, duplicate ignored

\AtBegShi@Output ...ipout \box \AtBeginShipoutBox 
                                                  \fi \fi 
l.935 \textbf{IP-src}
                      = ip dell'hacker con relativa location \\ </home/edoardo/Documents/SicurezzaInformatica/DocEsameTex/images/HP1.png>]
Underfull \hbox (badness 10000) in paragraph at lines 935--940

 []

<images/DK1.png, id=602, 2083.785pt x 712.6625pt>
File: images/DK1.png Graphic file (type png)
<use images/DK1.png>
Package pdftex.def Info: images/DK1.png  used on input line 970.
(pdftex.def)             Requested size: 458.43413pt x 156.78622pt.

Underfull \hbox (badness 10000) in paragraph at lines 966--972

 []

[13pdfTeX warning (ext4): destination with the same identifier (name{figure.17}) has been already used, duplicate ignored

\AtBegShi@Output ...ipout \box \AtBeginShipoutBox 
                                                  \fi \fi 
l.975     \item D
                 DoS DNS amplification si basa sulla modifica di un pacchett...pdfTeX warning (ext4): destination with the same identifier (name{figure.18}) has been already used, duplicate ignored

\AtBegShi@Output ...ipout \box \AtBeginShipoutBox 
                                                  \fi \fi 
l.975     \item D
                 DoS DNS amplification si basa sulla modifica di un pacchett... </home/edoardo/Documents/SicurezzaInformatica/DocEsameTex/images/HP2.png> </home/edoardo/Documents/SicurezzaInformatica/DocEsameTex/images/DK1.png>]
Underfull \hbox (badness 10000) in paragraph at lines 1017--1053

 []


Underfull \hbox (badness 10000) in paragraph at lines 1017--1053

 []


Underfull \hbox (badness 10000) in paragraph at lines 1017--1053

 []


Underfull \hbox (badness 10000) in paragraph at lines 1017--1053

 []


Underfull \hbox (badness 10000) in paragraph at lines 1017--1053

 []


Underfull \hbox (badness 10000) in paragraph at lines 1017--1053

 []


Underfull \hbox (badness 10000) in paragraph at lines 1017--1053

 []


Underfull \hbox (badness 10000) in paragraph at lines 1017--1053

 []


Underfull \hbox (badness 10000) in paragraph at lines 1017--1053

 []

<images/OceanLotus1.png, id=612, 1426.32875pt x 93.34875pt>
File: images/OceanLotus1.png Graphic file (type png)
<use images/OceanLotus1.png>
Package pdftex.def Info: images/OceanLotus1.png  used on input line 1077.
(pdftex.def)             Requested size: 356.58131pt x 23.33713pt.

Underfull \hbox (badness 10000) in paragraph at lines 1055--1079

 []


Underfull \hbox (badness 10000) in paragraph at lines 1055--1079

 []


Underfull \hbox (badness 10000) in paragraph at lines 1055--1079

 []


Underfull \hbox (badness 10000) in paragraph at lines 1055--1079

 []

[14]
<images/OceanLotus2.png, id=618, 1038.88126pt x 1135.24126pt>
File: images/OceanLotus2.png Graphic file (type png)
<use images/OceanLotus2.png>
Package pdftex.def Info: images/OceanLotus2.png  used on input line 1088.
(pdftex.def)             Requested size: 311.66678pt x 340.575pt.

Underfull \hbox (badness 10000) in paragraph at lines 1080--1090

 []


Underfull \hbox (badness 10000) in paragraph at lines 1080--1090

 []


Underfull \hbox (badness 10000) in paragraph at lines 1092--1109

 []


Underfull \hbox (badness 10000) in paragraph at lines 1092--1109

 []


Underfull \hbox (badness 10000) in paragraph at lines 1121--1134

 []


Underfull \hbox (badness 10000) in paragraph at lines 1121--1134

 []


Underfull \hbox (badness 10000) in paragraph at lines 1121--1134

 []


AED: lastpage setting LastPage
[15pdfTeX warning (ext4): destination with the same identifier (name{figure.19}) has been already used, duplicate ignored

\AtBegShi@Output ...ipout \box \AtBeginShipoutBox 
                                                  \fi \fi 
l.1140 \end{document}
                     pdfTeX warning (ext4): destination with the same identifier (name{figure.20}) has been already used, duplicate ignored

\AtBegShi@Output ...ipout \box \AtBeginShipoutBox 
                                                  \fi \fi 
l.1140 \end{document}
                      </home/edoardo/Documents/SicurezzaInformatica/DocEsameTex/images/OceanLotus1.png> </home/edoardo/Documents/SicurezzaInformatica/DocEsameTex/images/OceanLotus2.png>]
Package atveryend Info: Empty hook `BeforeClearDocument' on input line 1140.
Package atveryend Info: Empty hook `AfterLastShipout' on input line 1140.
 (/home/edoardo/Documents/SicurezzaInformatica/DocEsameTex/doc.aux)
Package atveryend Info: Executing hook `AtVeryEndDocument' on input line 1140.
Package atveryend Info: Executing hook `AtEndAfterFileList' on input line 1140.
Package rerunfilecheck Info: File `doc.out' has not changed.
(rerunfilecheck)             Checksum: 3DCCE4C2335FDC5B42B626DCBD76DA09;5463.


LaTeX Font Warning: Some font shapes were not available, defaults substituted.


LaTeX Warning: There were multiply-defined labels.

 ) 
Here is how much of TeX's memory you used:
 13883 strings out of 492616
 203994 string characters out of 6135178
 616281 words of memory out of 5000000
 17372 multiletter control sequences out of 15000+600000
 26183 words of font info for 53 fonts, out of 8000000 for 9000
 1141 hyphenation exceptions out of 8191
 46i,12n,97p,845b,3057s stack positions out of 5000i,500n,10000p,200000b,80000s
{/usr/share/texmf-dist/fonts/enc/dvips/roboto/rbto_brv6l3.enc}{/usr/share/texmf-dist/fonts/enc/dvips/roboto/rbto_schjax.enc}{/usr/share/texmf-dist/fonts/enc/dvips/roboto/rbto_bergpl.enc}{/usr/share/texmf-dist/fonts/enc/dvips/roboto/rbto_oa6oe5.enc}</usr/share/texmf-dist/fonts/type1/google/roboto/Roboto-Bold.pfb></usr/share/texmf-dist/fonts/type1/google/roboto/Roboto-Italic.pfb></usr/share/texmf-dist/fonts/type1/google/roboto/Roboto-Regular.pfb></usr/share/texmf-dist/fonts/type1/public/amsfonts/cm/cmmi7.pfb></usr/share/texmf-dist/fonts/type1/public/amsfonts/cm/cmmi8.pfb></usr/share/texmf-dist/fonts/type1/public/amsfonts/cm/cmr8.pfb></usr/share/texmf-dist/fonts/type1/public/amsfonts/cm/cmsy7.pfb></usr/share/texmf-dist/fonts/type1/public/amsfonts/cm/cmtt8.pfb>
Output written on /home/edoardo/Documents/SicurezzaInformatica/DocEsameTex/doc.pdf (16 pages, 5125086 bytes).
PDF statistics:
 709 PDF objects out of 1000 (max. 8388607)
 636 compressed objects within 7 object streams
 204 named destinations out of 1000 (max. 500000)
 701 words of extra memory for PDF output out of 10000 (max. 10000000)

