\BOOKMARK [1][-]{section.1}{SDH ATM MPLS}{}% 1
\BOOKMARK [2][-]{subsection.1.1}{SDH}{section.1}% 2
\BOOKMARK [3][-]{subsubsection.1.1.1}{Definizione}{subsection.1.1}% 3
\BOOKMARK [3][-]{subsubsection.1.1.2}{Funzionalit\340}{subsection.1.1}% 4
\BOOKMARK [3][-]{subsubsection.1.1.3}{Struttura di trasporto del payload}{subsection.1.1}% 5
\BOOKMARK [2][-]{subsection.1.2}{ATM}{section.1}% 6
\BOOKMARK [3][-]{subsubsection.1.2.1}{Definizione}{subsection.1.2}% 7
\BOOKMARK [3][-]{subsubsection.1.2.2}{Funzionamento}{subsection.1.2}% 8
\BOOKMARK [3][-]{subsubsection.1.2.3}{Applicazioni}{subsection.1.2}% 9
\BOOKMARK [3][-]{subsubsection.1.2.4}{IP su ATM}{subsection.1.2}% 10
\BOOKMARK [2][-]{subsection.1.3}{MPLS}{section.1}% 11
\BOOKMARK [3][-]{subsubsection.1.3.1}{Definizione}{subsection.1.3}% 12
\BOOKMARK [3][-]{subsubsection.1.3.2}{Introduzione}{subsection.1.3}% 13
\BOOKMARK [3][-]{subsubsection.1.3.3}{Il Routing e lo Switching Tradizionale}{subsection.1.3}% 14
\BOOKMARK [3][-]{subsubsection.1.3.4}{IP + ATM}{subsection.1.3}% 15
\BOOKMARK [3][-]{subsubsection.1.3.5}{VPN basate su MPLS}{subsection.1.3}% 16
\BOOKMARK [1][-]{section.2}{Metasploit}{}% 17
\BOOKMARK [2][-]{subsection.2.1}{Penetration Test}{section.2}% 18
\BOOKMARK [2][-]{subsection.2.2}{Procedura Black \046 White Box}{section.2}% 19
\BOOKMARK [2][-]{subsection.2.3}{Analisi dell\220architettura e rilevazione delle vulnerabilit\340}{section.2}% 20
\BOOKMARK [2][-]{subsection.2.4}{Attacco e redazione di un report}{section.2}% 21
\BOOKMARK [2][-]{subsection.2.5}{Kali linux}{section.2}% 22
\BOOKMARK [3][-]{subsubsection.2.5.1}{Tool principali}{subsection.2.5}% 23
\BOOKMARK [2][-]{subsection.2.6}{Metasploit framework}{section.2}% 24
\BOOKMARK [3][-]{subsubsection.2.6.1}{Definizione exploit}{subsection.2.6}% 25
\BOOKMARK [3][-]{subsubsection.2.6.2}{Metasploit Auxiliary Modules}{subsection.2.6}% 26
\BOOKMARK [3][-]{subsubsection.2.6.3}{Metasploit Encoders}{subsection.2.6}% 27
\BOOKMARK [3][-]{subsubsection.2.6.4}{Metasploit Exploit \046 Payload}{subsection.2.6}% 28
\BOOKMARK [3][-]{subsubsection.2.6.5}{Console Commands}{subsection.2.6}% 29
\BOOKMARK [3][-]{subsubsection.2.6.6}{Come fare fuzz testing}{subsection.2.6}% 30
\BOOKMARK [3][-]{subsubsection.2.6.7}{Tipi di bug detettati}{subsection.2.6}% 31
\BOOKMARK [1][-]{section.3}{Fibra ottica}{}% 32
\BOOKMARK [2][-]{subsection.3.1}{Storia}{section.3}% 33
\BOOKMARK [2][-]{subsection.3.2}{Dettagli}{section.3}% 34
\BOOKMARK [2][-]{subsection.3.3}{Tipi di fibra}{section.3}% 35
\BOOKMARK [2][-]{subsection.3.4}{Tipi di dispersione}{section.3}% 36
\BOOKMARK [2][-]{subsection.3.5}{Cosa fare contro la dispersione cromatica}{section.3}% 37
\BOOKMARK [2][-]{subsection.3.6}{Altri problemi sul segnale ottico}{section.3}% 38
\BOOKMARK [2][-]{subsection.3.7}{Sorgenti}{section.3}% 39
\BOOKMARK [2][-]{subsection.3.8}{Ricevitori}{section.3}% 40
\BOOKMARK [1][-]{section.4}{Buffer overflow}{}% 41
\BOOKMARK [2][-]{subsection.4.1}{Intel i386}{section.4}% 42
\BOOKMARK [2][-]{subsection.4.2}{Tipi di buffer overflow}{section.4}% 43
\BOOKMARK [3][-]{subsubsection.4.2.1}{Buffer overflow della heap}{subsection.4.2}% 44
\BOOKMARK [3][-]{subsubsection.4.2.2}{Buffer overflow dello stack}{subsection.4.2}% 45
\BOOKMARK [3][-]{subsubsection.4.2.3}{Integer overflow}{subsection.4.2}% 46
\BOOKMARK [3][-]{subsubsection.4.2.4}{String format overflow}{subsection.4.2}% 47
\BOOKMARK [2][-]{subsection.4.3}{Stack pointer}{section.4}% 48
\BOOKMARK [2][-]{subsection.4.4}{Iniezione di shellcode}{section.4}% 49
\BOOKMARK [2][-]{subsection.4.5}{Protezione dello stack}{section.4}% 50
\BOOKMARK [1][-]{section.5}{Reverse Code Engineering}{}% 51
\BOOKMARK [2][-]{subsection.5.1}{Motivazioni per il Reverse Code Engineering}{section.5}% 52
\BOOKMARK [2][-]{subsection.5.2}{Approccio di reverse code engineering}{section.5}% 53
\BOOKMARK [3][-]{subsubsection.5.2.1}{Prova di esecuzione}{subsection.5.2}% 54
\BOOKMARK [3][-]{subsubsection.5.2.2}{Data Gathering}{subsection.5.2}% 55
\BOOKMARK [3][-]{subsubsection.5.2.3}{Analisi}{subsection.5.2}% 56
\BOOKMARK [2][-]{subsection.5.3}{Definizione dell\220ambiente per RCE}{section.5}% 57
\BOOKMARK [2][-]{subsection.5.4}{Esecuzione RE}{section.5}% 58
\BOOKMARK [2][-]{subsection.5.5}{Programmi pi\371 utilizzati per l\220RCE}{section.5}% 59
\BOOKMARK [2][-]{subsection.5.6}{Reverse Code Engineering in ambiente Android}{section.5}% 60
\BOOKMARK [3][-]{subsubsection.5.6.1}{Smali}{subsection.5.6}% 61
\BOOKMARK [2][-]{subsection.5.7}{Approccio generale per RCE su Android}{section.5}% 62
\BOOKMARK [1][-]{section.6}{Honeypot e Honeynet}{}% 63
\BOOKMARK [2][-]{subsection.6.1}{Teoria}{section.6}% 64
\BOOKMARK [3][-]{subsubsection.6.1.1}{Cos'\350 un honypot}{subsection.6.1}% 65
\BOOKMARK [3][-]{subsubsection.6.1.2}{Vantaggi}{subsection.6.1}% 66
\BOOKMARK [3][-]{subsubsection.6.1.3}{Svantaggi}{subsection.6.1}% 67
\BOOKMARK [3][-]{subsubsection.6.1.4}{Tipi di Honeypot}{subsection.6.1}% 68
\BOOKMARK [3][-]{subsubsection.6.1.5}{Famiglie di honeypots}{subsection.6.1}% 69
\BOOKMARK [2][-]{subsection.6.2}{Pratica}{section.6}% 70
\BOOKMARK [3][-]{subsubsection.6.2.1}{Implementazioni di honeypots}{subsection.6.2}% 71
\BOOKMARK [3][-]{subsubsection.6.2.2}{Dove mettere un honeypots}{subsection.6.2}% 72
\BOOKMARK [3][-]{subsubsection.6.2.3}{LOG di un honeypot}{subsection.6.2}% 73
\BOOKMARK [3][-]{subsubsection.6.2.4}{Come \215detettare\216 un honeypot}{subsection.6.2}% 74
\BOOKMARK [3][-]{subsubsection.6.2.5}{Come esportare un log file}{subsection.6.2}% 75
\BOOKMARK [1][-]{section.7}{Darknet, Traffic Analysis and Botnet Trends}{}% 76
\BOOKMARK [2][-]{subsection.7.1}{Definizione}{section.7}% 77
\BOOKMARK [2][-]{subsection.7.2}{Storia}{section.7}% 78
\BOOKMARK [1][-]{section.8}{Casi interessanti}{}% 79
\BOOKMARK [2][-]{subsection.8.1}{Hacking Team}{section.8}% 80
\BOOKMARK [2][-]{subsection.8.2}{Carbanak}{section.8}% 81
\BOOKMARK [2][-]{subsection.8.3}{APT32 / OceanLotus}{section.8}% 82
\BOOKMARK [2][-]{subsection.8.4}{Wannacry}{section.8}% 83
